<?xml version="1.0" encoding="UTF-8"?>
<!-- Generated by org.testng.reporters.JUnitXMLReporter -->
<testsuite ignored="0" hostname="Aronyos-Laptop.local" failures="0" tests="2" name="Default test" time="43.087" errors="0" timestamp="2023-10-05T07:10:07 CDT">
  <testcase classname="com.facebook.pom_PageFactory.LoginTestWithPageFactory" name="invalidLoginTest" time="3.97"/>
  <testcase classname="com.facebook.pom_PageFactory.LoginTestWithPageFactory" name="validLoginTest" time="23.991"/>
</testsuite> <!-- Default test -->
