<?xml version="1.0" encoding="UTF-8"?>
<testng-results ignored="0" total="1" passed="1" failed="0" skipped="0">
  <reporter-output>
  </reporter-output>
  <suite started-at="2023-09-30T10:27:34 CDT" name="Default suite" finished-at="2023-09-30T10:28:16 CDT" duration-ms="41876">
    <groups>
    </groups>
    <test started-at="2023-09-30T10:27:34 CDT" name="Default test" finished-at="2023-09-30T10:28:16 CDT" duration-ms="41876">
      <class name="com.facebook.pageFactory.LoginTest">
        <test-method is-config="true" signature="openFacebook()[pri:0, instance:com.facebook.pageFactory.LoginTest@47eaca72]" started-at="2023-09-30T10:27:34 CDT" name="openFacebook" finished-at="2023-09-30T10:28:14 CDT" duration-ms="39323" status="PASS">
          <reporter-output>
          </reporter-output>
        </test-method> <!-- openFacebook -->
        <test-method signature="boundaryLoginTest()[pri:0, instance:com.facebook.pageFactory.LoginTest@47eaca72]" started-at="2023-09-30T10:28:14 CDT" name="boundaryLoginTest" finished-at="2023-09-30T10:28:16 CDT" duration-ms="2533" status="PASS">
          <reporter-output>
          </reporter-output>
        </test-method> <!-- boundaryLoginTest -->
      </class> <!-- com.facebook.pageFactory.LoginTest -->
    </test> <!-- Default test -->
  </suite> <!-- Default suite -->
</testng-results>
