<?xml version="1.0" encoding="UTF-8"?>
<testng-results ignored="0" total="3" passed="3" failed="0" skipped="0">
  <reporter-output>
  </reporter-output>
  <suite started-at="2023-09-22T06:00:35 CDT" name="Default suite" finished-at="2023-09-22T06:00:57 CDT" duration-ms="21893">
    <groups>
    </groups>
    <test started-at="2023-09-22T06:00:35 CDT" name="Default test" finished-at="2023-09-22T06:00:57 CDT" duration-ms="21893">
      <class name="com.facebook.locators.DoubleXpath">
        <test-method is-config="true" signature="openFacebook()[pri:0, instance:com.facebook.locators.DoubleXpath@692f203f]" started-at="2023-09-22T06:00:35 CDT" name="openFacebook" finished-at="2023-09-22T06:00:47 CDT" duration-ms="11427" status="PASS">
          <reporter-output>
          </reporter-output>
        </test-method> <!-- openFacebook -->
        <test-method signature="andCondition()[pri:0, instance:com.facebook.locators.DoubleXpath@692f203f]" started-at="2023-09-22T06:00:47 CDT" name="andCondition" finished-at="2023-09-22T06:00:48 CDT" duration-ms="1876" status="PASS">
          <reporter-output>
          </reporter-output>
        </test-method> <!-- andCondition -->
        <test-method signature="doubleXpathTest()[pri:0, instance:com.facebook.locators.DoubleXpath@692f203f]" started-at="2023-09-22T06:00:48 CDT" name="doubleXpathTest" finished-at="2023-09-22T06:00:56 CDT" duration-ms="7942" status="PASS">
          <reporter-output>
          </reporter-output>
        </test-method> <!-- doubleXpathTest -->
        <test-method signature="orCondition()[pri:0, instance:com.facebook.locators.DoubleXpath@692f203f]" started-at="2023-09-22T06:00:56 CDT" name="orCondition" finished-at="2023-09-22T06:00:57 CDT" duration-ms="630" status="PASS">
          <reporter-output>
          </reporter-output>
        </test-method> <!-- orCondition -->
      </class> <!-- com.facebook.locators.DoubleXpath -->
    </test> <!-- Default test -->
  </suite> <!-- Default suite -->
</testng-results>
